# JRE version: OpenJDK Runtime Environment (8.0_212) (build 1.8.0_212-release-1586-b4-5784211)
# Java VM: OpenJDK 64-Bit Server VM (25.212-b4-5784211 mixed mode linux-amd64 compressed oops)
Heap:
 PSYoungGen      total 290304K, used 25914K [0x00000000e0000000, 0x00000000f4680000, 0x0000000100000000)
  eden space 246272K, 0% used [0x00000000e0000000,0x00000000e0000000,0x00000000ef080000)
  from space 44032K, 58% used [0x00000000ef080000,0x00000000f09cebc0,0x00000000f1b80000)
  to   space 39936K, 0% used [0x00000000f1f80000,0x00000000f1f80000,0x00000000f4680000)
 ParOldGen       total 156672K, used 65877K [0x00000000a0000000, 0x00000000a9900000, 0x00000000e0000000)
  object space 156672K, 42% used [0x00000000a0000000,0x00000000a4055580,0x00000000a9900000)
 Metaspace       used 81868K, capacity 85400K, committed 86056K, reserved 1124352K
  class space    used 10921K, capacity 11678K, committed 11816K, reserved 1048576K
GC Heap History (10 events):
Event: 22.420 GC heap after
Heap after GC invocations=18 (full 3):
 PSYoungGen      total 213504K, used 18938K [0x00000000e0000000, 0x00000000f1380000, 0x0000000100000000)
  eden space 194560K, 0% used [0x00000000e0000000,0x00000000e0000000,0x00000000ebe00000)
  from space 18944K, 99% used [0x00000000ebe00000,0x00000000ed07e828,0x00000000ed080000)
  to   space 26112K, 0% used [0x00000000efa00000,0x00000000efa00000,0x00000000f1380000)
 ParOldGen       total 94720K, used 48525K [0x00000000a0000000, 0x00000000a5c80000, 0x00000000e0000000)
  object space 94720K, 51% used [0x00000000a0000000,0x00000000a2f63680,0x00000000a5c80000)
 Metaspace       used 64001K, capacity 66408K, committed 66600K, reserved 1105920K
  class space    used 8714K, capacity 9208K, committed 9256K, reserved 1048576K
}
Event: 25.133 GC heap before
{Heap before GC invocations=19 (full 3):
 PSYoungGen      total 213504K, used 213299K [0x00000000e0000000, 0x00000000f1380000, 0x0000000100000000)
  eden space 194560K, 99% used [0x00000000e0000000,0x00000000ebdce730,0x00000000ebe00000)
  from space 18944K, 99% used [0x00000000ebe00000,0x00000000ed07e828,0x00000000ed080000)
  to   space 26112K, 0% used [0x00000000efa00000,0x00000000efa00000,0x00000000f1380000)
 ParOldGen       total 94720K, used 48525K [0x00000000a0000000, 0x00000000a5c80000, 0x00000000e0000000)
  object space 94720K, 51% used [0x00000000a0000000,0x00000000a2f63680,0x00000000a5c80000)
 Metaspace       used 72798K, capacity 76146K, committed 76200K, reserved 1114112K
  class space    used 9952K, capacity 10663K, committed 10664K, reserved 1048576K
Event: 25.215 GC heap after
Heap after GC invocations=19 (full 3):
 PSYoungGen      total 248832K, used 26101K [0x00000000e0000000, 0x00000000f2700000, 0x0000000100000000)
  eden space 222720K, 0% used [0x00000000e0000000,0x00000000e0000000,0x00000000ed980000)
  from space 26112K, 99% used [0x00000000efa00000,0x00000000f137d5d0,0x00000000f1380000)
  to   space 33280K, 0% used [0x00000000ed980000,0x00000000ed980000,0x00000000efa00000)
 ParOldGen       total 94720K, used 56767K [0x00000000a0000000, 0x00000000a5c80000, 0x00000000e0000000)
  object space 94720K, 59% used [0x00000000a0000000,0x00000000a376feb0,0x00000000a5c80000)
 Metaspace       used 72798K, capacity 76146K, committed 76200K, reserved 1114112K
  class space    used 9952K, capacity 10663K, committed 10664K, reserved 1048576K
}
Event: 65.868 GC heap before
{Heap before GC invocations=20 (full 3):
 PSYoungGen      total 248832K, used 248821K [0x00000000e0000000, 0x00000000f2700000, 0x0000000100000000)
  eden space 222720K, 100% used [0x00000000e0000000,0x00000000ed980000,0x00000000ed980000)
  from space 26112K, 99% used [0x00000000efa00000,0x00000000f137d5d0,0x00000000f1380000)
  to   space 33280K, 0% used [0x00000000ed980000,0x00000000ed980000,0x00000000efa00000)
 ParOldGen       total 94720K, used 56767K [0x00000000a0000000, 0x00000000a5c80000, 0x00000000e0000000)
  object space 94720K, 59% used [0x00000000a0000000,0x00000000a376feb0,0x00000000a5c80000)
 Metaspace       used 79603K, capacity 83386K, committed 83496K, reserved 1122304K
  class space    used 10707K, capacity 11499K, committed 11560K, reserved 1048576K
Event: 65.942 GC heap after
Heap after GC invocations=20 (full 3):
 PSYoungGen      total 256000K, used 33249K [0x00000000e0000000, 0x00000000f4c00000, 0x0000000100000000)
  eden space 222720K, 0% used [0x00000000e0000000,0x00000000e0000000,0x00000000ed980000)
  from space 33280K, 99% used [0x00000000ed980000,0x00000000ef9f86f0,0x00000000efa00000)
  to   space 45568K, 0% used [0x00000000f1f80000,0x00000000f1f80000,0x00000000f4c00000)
 ParOldGen       total 94720K, used 75044K [0x00000000a0000000, 0x00000000a5c80000, 0x00000000e0000000)
  object space 94720K, 79% used [0x00000000a0000000,0x00000000a4949150,0x00000000a5c80000)
 Metaspace       used 79603K, capacity 83386K, committed 83496K, reserved 1122304K
  class space    used 10707K, capacity 11499K, committed 11560K, reserved 1048576K
}
Event: 71.397 GC heap before
{Heap before GC invocations=21 (full 3):
 PSYoungGen      total 256000K, used 255969K [0x00000000e0000000, 0x00000000f4c00000, 0x0000000100000000)
  eden space 222720K, 100% used [0x00000000e0000000,0x00000000ed980000,0x00000000ed980000)
  from space 33280K, 99% used [0x00000000ed980000,0x00000000ef9f86f0,0x00000000efa00000)
  to   space 45568K, 0% used [0x00000000f1f80000,0x00000000f1f80000,0x00000000f4c00000)
 ParOldGen       total 94720K, used 75044K [0x00000000a0000000, 0x00000000a5c80000, 0x00000000e0000000)
  object space 94720K, 79% used [0x00000000a0000000,0x00000000a4949150,0x00000000a5c80000)
 Metaspace       used 81686K, capacity 85476K, committed 85672K, reserved 1124352K
  class space    used 10932K, capacity 11686K, committed 11688K, reserved 1048576K
Event: 71.436 GC heap after
Heap after GC invocations=21 (full 3):
 PSYoungGen      total 286208K, used 7294K [0x00000000e0000000, 0x00000000f4680000, 0x0000000100000000)
  eden space 246272K, 0% used [0x00000000e0000000,0x00000000e0000000,0x00000000ef080000)
  from space 39936K, 18% used [0x00000000f1f80000,0x00000000f269fa30,0x00000000f4680000)
  to   space 44032K, 0% used [0x00000000ef080000,0x00000000ef080000,0x00000000f1b80000)
 ParOldGen       total 94720K, used 92829K [0x00000000a0000000, 0x00000000a5c80000, 0x00000000e0000000)
  object space 94720K, 98% used [0x00000000a0000000,0x00000000a5aa7600,0x00000000a5c80000)
 Metaspace       used 81686K, capacity 85476K, committed 85672K, reserved 1124352K
  class space    used 10932K, capacity 11686K, committed 11688K, reserved 1048576K
}
Event: 71.436 GC heap before
{Heap before GC invocations=22 (full 4):
 PSYoungGen      total 286208K, used 7294K [0x00000000e0000000, 0x00000000f4680000, 0x0000000100000000)
  eden space 246272K, 0% used [0x00000000e0000000,0x00000000e0000000,0x00000000ef080000)
  from space 39936K, 18% used [0x00000000f1f80000,0x00000000f269fa30,0x00000000f4680000)
  to   space 44032K, 0% used [0x00000000ef080000,0x00000000ef080000,0x00000000f1b80000)
 ParOldGen       total 94720K, used 92829K [0x00000000a0000000, 0x00000000a5c80000, 0x00000000e0000000)
  object space 94720K, 98% used [0x00000000a0000000,0x00000000a5aa7600,0x00000000a5c80000)
 Metaspace       used 81686K, capacity 85476K, committed 85672K, reserved 1124352K
  class space    used 10932K, capacity 11686K, committed 11688K, reserved 1048576K
Event: 71.779 GC heap after
Heap after GC invocations=22 (full 4):
 PSYoungGen      total 286208K, used 0K [0x00000000e0000000, 0x00000000f4680000, 0x0000000100000000)
  eden space 246272K, 0% used [0x00000000e0000000,0x00000000e0000000,0x00000000ef080000)
  from space 39936K, 0% used [0x00000000f1f80000,0x00000000f1f80000,0x00000000f4680000)
  to   space 44032K, 0% used [0x00000000ef080000,0x00000000ef080000,0x00000000f1b80000)
 ParOldGen       total 156672K, used 65869K [0x00000000a0000000, 0x00000000a9900000, 0x00000000e0000000)
  object space 156672K, 42% used [0x00000000a0000000,0x00000000a4053580,0x00000000a9900000)
 Metaspace       used 81461K, capacity 84912K, committed 85672K, reserved 1124352K
  class space    used 10853K, capacity 11546K, committed 11688K, reserved 1048576K
}
Event: 114.959 GC heap before
{Heap before GC invocations=23 (full 4):
 PSYoungGen      total 286208K, used 246153K [0x00000000e0000000, 0x00000000f4680000, 0x0000000100000000)
  eden space 246272K, 99% used [0x00000000e0000000,0x00000000ef0627f8,0x00000000ef080000)
  from space 39936K, 0% used [0x00000000f1f80000,0x00000000f1f80000,0x00000000f4680000)
  to   space 44032K, 0% used [0x00000000ef080000,0x00000000ef080000,0x00000000f1b80000)
 ParOldGen       total 156672K, used 65869K [0x00000000a0000000, 0x00000000a9900000, 0x00000000e0000000)
  object space 156672K, 42% used [0x00000000a0000000,0x00000000a4053580,0x00000000a9900000)
 Metaspace       used 81868K, capacity 85400K, committed 86056K, reserved 1124352K
  class space    used 10921K, capacity 11678K, committed 11816K, reserved 1048576K

