# JRE version: OpenJDK Runtime Environment (8.0_212) (build 1.8.0_212-release-1586-b4-5784211)
# Java VM: OpenJDK 64-Bit Server VM (25.212-b4-5784211 mixed mode linux-amd64 compressed oops)
Heap:
 PSYoungGen      total 407040K, used 0K [0x00000000e0000000, 0x00000000feb80000, 0x0000000100000000)
  eden space 324096K, 0% used [0x00000000e0000000,0x00000000e0000000,0x00000000f3c80000)
  from space 82944K, 0% used [0x00000000f9080000,0x00000000f9080000,0x00000000fe180000)
  to   space 86016K, 0% used [0x00000000f3c80000,0x00000000f3c80000,0x00000000f9080000)
 ParOldGen       total 212992K, used 205737K [0x00000000a0000000, 0x00000000ad000000, 0x00000000e0000000)
  object space 212992K, 96% used [0x00000000a0000000,0x00000000ac8ea440,0x00000000ad000000)
 Metaspace       used 88997K, capacity 92702K, committed 93608K, reserved 1130496K
  class space    used 11709K, capacity 12479K, committed 12712K, reserved 1048576K
GC Heap History (10 events):
Event: 107.284 GC heap after
Heap after GC invocations=24 (full 3):
 PSYoungGen      total 274432K, used 45566K [0x00000000e0000000, 0x00000000f7d00000, 0x0000000100000000)
  eden space 228864K, 0% used [0x00000000e0000000,0x00000000e0000000,0x00000000edf80000)
  from space 45568K, 99% used [0x00000000edf80000,0x00000000f0bff910,0x00000000f0c00000)
  to   space 61440K, 0% used [0x00000000f4100000,0x00000000f4100000,0x00000000f7d00000)
 ParOldGen       total 107008K, used 106536K [0x00000000a0000000, 0x00000000a6880000, 0x00000000e0000000)
  object space 107008K, 99% used [0x00000000a0000000,0x00000000a680a2d8,0x00000000a6880000)
 Metaspace       used 89219K, capacity 93320K, committed 93608K, reserved 1130496K
  class space    used 11795K, capacity 12636K, committed 12712K, reserved 1048576K
}
Event: 107.285 GC heap before
{Heap before GC invocations=25 (full 4):
 PSYoungGen      total 274432K, used 45566K [0x00000000e0000000, 0x00000000f7d00000, 0x0000000100000000)
  eden space 228864K, 0% used [0x00000000e0000000,0x00000000e0000000,0x00000000edf80000)
  from space 45568K, 99% used [0x00000000edf80000,0x00000000f0bff910,0x00000000f0c00000)
  to   space 61440K, 0% used [0x00000000f4100000,0x00000000f4100000,0x00000000f7d00000)
 ParOldGen       total 107008K, used 106536K [0x00000000a0000000, 0x00000000a6880000, 0x00000000e0000000)
  object space 107008K, 99% used [0x00000000a0000000,0x00000000a680a2d8,0x00000000a6880000)
 Metaspace       used 89219K, capacity 93320K, committed 93608K, reserved 1130496K
  class space    used 11795K, capacity 12636K, committed 12712K, reserved 1048576K
Event: 107.817 GC heap after
Heap after GC invocations=25 (full 4):
 PSYoungGen      total 274432K, used 16324K [0x00000000e0000000, 0x00000000f7d00000, 0x0000000100000000)
  eden space 228864K, 0% used [0x00000000e0000000,0x00000000e0000000,0x00000000edf80000)
  from space 45568K, 35% used [0x00000000edf80000,0x00000000eef713d0,0x00000000f0c00000)
  to   space 61440K, 0% used [0x00000000f4100000,0x00000000f4100000,0x00000000f7d00000)
 ParOldGen       total 201216K, used 106770K [0x00000000a0000000, 0x00000000ac480000, 0x00000000e0000000)
  object space 201216K, 53% used [0x00000000a0000000,0x00000000a6844b50,0x00000000ac480000)
 Metaspace       used 88964K, capacity 92680K, committed 93608K, reserved 1130496K
  class space    used 11705K, capacity 12476K, committed 12712K, reserved 1048576K
}
Event: 108.310 GC heap before
{Heap before GC invocations=26 (full 4):
 PSYoungGen      total 274432K, used 245188K [0x00000000e0000000, 0x00000000f7d00000, 0x0000000100000000)
  eden space 228864K, 100% used [0x00000000e0000000,0x00000000edf80000,0x00000000edf80000)
  from space 45568K, 35% used [0x00000000edf80000,0x00000000eef713d0,0x00000000f0c00000)
  to   space 61440K, 0% used [0x00000000f4100000,0x00000000f4100000,0x00000000f7d00000)
 ParOldGen       total 201216K, used 106770K [0x00000000a0000000, 0x00000000ac480000, 0x00000000e0000000)
  object space 201216K, 53% used [0x00000000a0000000,0x00000000a6844b50,0x00000000ac480000)
 Metaspace       used 88986K, capacity 92686K, committed 93608K, reserved 1130496K
  class space    used 11706K, capacity 12477K, committed 12712K, reserved 1048576K
Event: 108.418 GC heap after
Heap after GC invocations=26 (full 4):
 PSYoungGen      total 313856K, used 61422K [0x00000000e0000000, 0x00000000faa80000, 0x0000000100000000)
  eden space 252416K, 0% used [0x00000000e0000000,0x00000000e0000000,0x00000000ef680000)
  from space 61440K, 99% used [0x00000000f4100000,0x00000000f7cfbb90,0x00000000f7d00000)
  to   space 76288K, 0% used [0x00000000ef680000,0x00000000ef680000,0x00000000f4100000)
 ParOldGen       total 201216K, used 118118K [0x00000000a0000000, 0x00000000ac480000, 0x00000000e0000000)
  object space 201216K, 58% used [0x00000000a0000000,0x00000000a7359ba0,0x00000000ac480000)
 Metaspace       used 88986K, capacity 92686K, committed 93608K, reserved 1130496K
  class space    used 11706K, capacity 12477K, committed 12712K, reserved 1048576K
}
Event: 108.975 GC heap before
{Heap before GC invocations=27 (full 4):
 PSYoungGen      total 313856K, used 313838K [0x00000000e0000000, 0x00000000faa80000, 0x0000000100000000)
  eden space 252416K, 100% used [0x00000000e0000000,0x00000000ef680000,0x00000000ef680000)
  from space 61440K, 99% used [0x00000000f4100000,0x00000000f7cfbb90,0x00000000f7d00000)
  to   space 76288K, 0% used [0x00000000ef680000,0x00000000ef680000,0x00000000f4100000)
 ParOldGen       total 201216K, used 118118K [0x00000000a0000000, 0x00000000ac480000, 0x00000000e0000000)
  object space 201216K, 58% used [0x00000000a0000000,0x00000000a7359ba0,0x00000000ac480000)
 Metaspace       used 88990K, capacity 92698K, committed 93608K, reserved 1130496K
  class space    used 11708K, capacity 12479K, committed 12712K, reserved 1048576K
Event: 109.104 GC heap after
Heap after GC invocations=27 (full 4):
 PSYoungGen      total 328704K, used 60166K [0x00000000e0000000, 0x00000000fe180000, 0x0000000100000000)
  eden space 252416K, 0% used [0x00000000e0000000,0x00000000e0000000,0x00000000ef680000)
  from space 76288K, 78% used [0x00000000ef680000,0x00000000f3141b38,0x00000000f4100000)
  to   space 82944K, 0% used [0x00000000f9080000,0x00000000f9080000,0x00000000fe180000)
 ParOldGen       total 201216K, used 153746K [0x00000000a0000000, 0x00000000ac480000, 0x00000000e0000000)
  object space 201216K, 76% used [0x00000000a0000000,0x00000000a9624b40,0x00000000ac480000)
 Metaspace       used 88990K, capacity 92698K, committed 93608K, reserved 1130496K
  class space    used 11708K, capacity 12479K, committed 12712K, reserved 1048576K
}
Event: 110.022 GC heap before
{Heap before GC invocations=28 (full 4):
 PSYoungGen      total 328704K, used 312582K [0x00000000e0000000, 0x00000000fe180000, 0x0000000100000000)
  eden space 252416K, 100% used [0x00000000e0000000,0x00000000ef680000,0x00000000ef680000)
  from space 76288K, 78% used [0x00000000ef680000,0x00000000f3141b38,0x00000000f4100000)
  to   space 82944K, 0% used [0x00000000f9080000,0x00000000f9080000,0x00000000fe180000)
 ParOldGen       total 201216K, used 153746K [0x00000000a0000000, 0x00000000ac480000, 0x00000000e0000000)
  object space 201216K, 76% used [0x00000000a0000000,0x00000000a9624b40,0x00000000ac480000)
 Metaspace       used 88999K, capacity 92708K, committed 93608K, reserved 1130496K
  class space    used 11709K, capacity 12480K, committed 12712K, reserved 1048576K
Event: 110.197 GC heap after
Heap after GC invocations=28 (full 4):
 PSYoungGen      total 407040K, used 52367K [0x00000000e0000000, 0x00000000feb80000, 0x0000000100000000)
  eden space 324096K, 0% used [0x00000000e0000000,0x00000000e0000000,0x00000000f3c80000)
  from space 82944K, 63% used [0x00000000f9080000,0x00000000fc3a3eb8,0x00000000fe180000)
  to   space 86016K, 0% used [0x00000000f3c80000,0x00000000f3c80000,0x00000000f9080000)
 ParOldGen       total 212992K, used 212745K [0x00000000a0000000, 0x00000000ad000000, 0x00000000e0000000)
  object space 212992K, 99% used [0x00000000a0000000,0x00000000acfc27d8,0x00000000ad000000)
 Metaspace       used 88999K, capacity 92708K, committed 93608K, reserved 1130496K
  class space    used 11709K, capacity 12480K, committed 12712K, reserved 1048576K
}
Event: 110.197 GC heap before
{Heap before GC invocations=29 (full 5):
 PSYoungGen      total 407040K, used 52367K [0x00000000e0000000, 0x00000000feb80000, 0x0000000100000000)
  eden space 324096K, 0% used [0x00000000e0000000,0x00000000e0000000,0x00000000f3c80000)
  from space 82944K, 63% used [0x00000000f9080000,0x00000000fc3a3eb8,0x00000000fe180000)
  to   space 86016K, 0% used [0x00000000f3c80000,0x00000000f3c80000,0x00000000f9080000)
 ParOldGen       total 212992K, used 212745K [0x00000000a0000000, 0x00000000ad000000, 0x00000000e0000000)
  object space 212992K, 99% used [0x00000000a0000000,0x00000000acfc27d8,0x00000000ad000000)
 Metaspace       used 88999K, capacity 92708K, committed 93608K, reserved 1130496K
  class space    used 11709K, capacity 12480K, committed 12712K, reserved 1048576K

