# JRE version: OpenJDK Runtime Environment (8.0_212) (build 1.8.0_212-release-1586-b4-5784211)
# Java VM: OpenJDK 64-Bit Server VM (25.212-b4-5784211 mixed mode linux-amd64 compressed oops)
Heap:
 PSYoungGen      total 390656K, used 0K [0x00000000e0000000, 0x0000000100000000, 0x0000000100000000)
  eden space 257024K, 0% used [0x00000000e0000000,0x00000000e0000000,0x00000000efb00000)
  from space 133632K, 0% used [0x00000000efb00000,0x00000000efb00000,0x00000000f7d80000)
  to   space 124416K, 0% used [0x00000000f8680000,0x00000000f8680000,0x0000000100000000)
 ParOldGen       total 349696K, used 220178K [0x00000000a0000000, 0x00000000b5580000, 0x00000000e0000000)
  object space 349696K, 62% used [0x00000000a0000000,0x00000000ad704ab0,0x00000000b5580000)
 Metaspace       used 91716K, capacity 96162K, committed 96384K, reserved 1132544K
  class space    used 11907K, capacity 12803K, committed 12928K, reserved 1048576K
GC Heap History (10 events):
Event: 848.660 GC heap after
Heap after GC invocations=31 (full 5):
 PSYoungGen      total 420864K, used 19114K [0x00000000e0000000, 0x0000000100000000, 0x0000000100000000)
  eden space 313856K, 0% used [0x00000000e0000000,0x00000000e0000000,0x00000000f3280000)
  from space 107008K, 17% used [0x00000000f9780000,0x00000000faa2a870,0x0000000100000000)
  to   space 103424K, 0% used [0x00000000f3280000,0x00000000f3280000,0x00000000f9780000)
 ParOldGen       total 271360K, used 222531K [0x00000000a0000000, 0x00000000b0900000, 0x00000000e0000000)
  object space 271360K, 82% used [0x00000000a0000000,0x00000000ad950d70,0x00000000b0900000)
 Metaspace       used 91388K, capacity 95734K, committed 96000K, reserved 1132544K
  class space    used 11898K, capacity 12765K, committed 12800K, reserved 1048576K
}
Event: 848.661 GC heap before
{Heap before GC invocations=32 (full 6):
 PSYoungGen      total 420864K, used 19114K [0x00000000e0000000, 0x0000000100000000, 0x0000000100000000)
  eden space 313856K, 0% used [0x00000000e0000000,0x00000000e0000000,0x00000000f3280000)
  from space 107008K, 17% used [0x00000000f9780000,0x00000000faa2a870,0x0000000100000000)
  to   space 103424K, 0% used [0x00000000f3280000,0x00000000f3280000,0x00000000f9780000)
 ParOldGen       total 271360K, used 222531K [0x00000000a0000000, 0x00000000b0900000, 0x00000000e0000000)
  object space 271360K, 82% used [0x00000000a0000000,0x00000000ad950d70,0x00000000b0900000)
 Metaspace       used 91388K, capacity 95734K, committed 96000K, reserved 1132544K
  class space    used 11898K, capacity 12765K, committed 12800K, reserved 1048576K
Event: 849.596 GC heap after
Heap after GC invocations=32 (full 6):
 PSYoungGen      total 420864K, used 0K [0x00000000e0000000, 0x0000000100000000, 0x0000000100000000)
  eden space 313856K, 0% used [0x00000000e0000000,0x00000000e0000000,0x00000000f3280000)
  from space 107008K, 0% used [0x00000000f9780000,0x00000000f9780000,0x0000000100000000)
  to   space 103424K, 0% used [0x00000000f3280000,0x00000000f3280000,0x00000000f9780000)
 ParOldGen       total 349696K, used 208966K [0x00000000a0000000, 0x00000000b5580000, 0x00000000e0000000)
  object space 349696K, 59% used [0x00000000a0000000,0x00000000acc11870,0x00000000b5580000)
 Metaspace       used 91379K, capacity 95712K, committed 96000K, reserved 1132544K
  class space    used 11896K, capacity 12760K, committed 12800K, reserved 1048576K
}
Event: 850.014 GC heap before
{Heap before GC invocations=33 (full 6):
 PSYoungGen      total 420864K, used 313856K [0x00000000e0000000, 0x0000000100000000, 0x0000000100000000)
  eden space 313856K, 100% used [0x00000000e0000000,0x00000000f3280000,0x00000000f3280000)
  from space 107008K, 0% used [0x00000000f9780000,0x00000000f9780000,0x0000000100000000)
  to   space 103424K, 0% used [0x00000000f3280000,0x00000000f3280000,0x00000000f9780000)
 ParOldGen       total 349696K, used 208966K [0x00000000a0000000, 0x00000000b5580000, 0x00000000e0000000)
  object space 349696K, 59% used [0x00000000a0000000,0x00000000acc11870,0x00000000b5580000)
 Metaspace       used 91379K, capacity 95712K, committed 96000K, reserved 1132544K
  class space    used 11896K, capacity 12760K, committed 12800K, reserved 1048576K
Event: 850.018 GC heap after
Heap after GC invocations=33 (full 6):
 PSYoungGen      total 417280K, used 128K [0x00000000e0000000, 0x00000000ffc80000, 0x0000000100000000)
  eden space 313856K, 0% used [0x00000000e0000000,0x00000000e0000000,0x00000000f3280000)
  from space 103424K, 0% used [0x00000000f3280000,0x00000000f32a0000,0x00000000f9780000)
  to   space 103424K, 0% used [0x00000000f9780000,0x00000000f9780000,0x00000000ffc80000)
 ParOldGen       total 349696K, used 208966K [0x00000000a0000000, 0x00000000b5580000, 0x00000000e0000000)
  object space 349696K, 59% used [0x00000000a0000000,0x00000000acc11870,0x00000000b5580000)
 Metaspace       used 91379K, capacity 95712K, committed 96000K, reserved 1132544K
  class space    used 11896K, capacity 12760K, committed 12800K, reserved 1048576K
}
Event: 851.775 GC heap before
{Heap before GC invocations=34 (full 6):
 PSYoungGen      total 417280K, used 313984K [0x00000000e0000000, 0x00000000ffc80000, 0x0000000100000000)
  eden space 313856K, 100% used [0x00000000e0000000,0x00000000f3280000,0x00000000f3280000)
  from space 103424K, 0% used [0x00000000f3280000,0x00000000f32a0000,0x00000000f9780000)
  to   space 103424K, 0% used [0x00000000f9780000,0x00000000f9780000,0x00000000ffc80000)
 ParOldGen       total 349696K, used 208966K [0x00000000a0000000, 0x00000000b5580000, 0x00000000e0000000)
  object space 349696K, 59% used [0x00000000a0000000,0x00000000acc11870,0x00000000b5580000)
 Metaspace       used 91652K, capacity 96088K, committed 96384K, reserved 1132544K
  class space    used 11906K, capacity 12802K, committed 12928K, reserved 1048576K
Event: 851.943 GC heap after
Heap after GC invocations=34 (full 6):
 PSYoungGen      total 360448K, used 103422K [0x00000000e0000000, 0x0000000100000000, 0x0000000100000000)
  eden space 257024K, 0% used [0x00000000e0000000,0x00000000e0000000,0x00000000efb00000)
  from space 103424K, 99% used [0x00000000f9780000,0x00000000ffc7fb38,0x00000000ffc80000)
  to   space 133632K, 0% used [0x00000000efb00000,0x00000000efb00000,0x00000000f7d80000)
 ParOldGen       total 349696K, used 239223K [0x00000000a0000000, 0x00000000b5580000, 0x00000000e0000000)
  object space 349696K, 68% used [0x00000000a0000000,0x00000000ae99dfc8,0x00000000b5580000)
 Metaspace       used 91652K, capacity 96088K, committed 96384K, reserved 1132544K
  class space    used 11906K, capacity 12802K, committed 12928K, reserved 1048576K
}
Event: 854.256 GC heap before
{Heap before GC invocations=35 (full 6):
 PSYoungGen      total 360448K, used 360361K [0x00000000e0000000, 0x0000000100000000, 0x0000000100000000)
  eden space 257024K, 99% used [0x00000000e0000000,0x00000000efaeaba8,0x00000000efb00000)
  from space 103424K, 99% used [0x00000000f9780000,0x00000000ffc7fb38,0x00000000ffc80000)
  to   space 133632K, 0% used [0x00000000efb00000,0x00000000efb00000,0x00000000f7d80000)
 ParOldGen       total 349696K, used 239223K [0x00000000a0000000, 0x00000000b5580000, 0x00000000e0000000)
  object space 349696K, 68% used [0x00000000a0000000,0x00000000ae99dfc8,0x00000000b5580000)
 Metaspace       used 91716K, capacity 96162K, committed 96384K, reserved 1132544K
  class space    used 11907K, capacity 12803K, committed 12928K, reserved 1048576K
Event: 854.582 GC heap after
Heap after GC invocations=35 (full 6):
 PSYoungGen      total 390656K, used 43334K [0x00000000e0000000, 0x0000000100000000, 0x0000000100000000)
  eden space 257024K, 0% used [0x00000000e0000000,0x00000000e0000000,0x00000000efb00000)
  from space 133632K, 32% used [0x00000000efb00000,0x00000000f2551b60,0x00000000f7d80000)
  to   space 124416K, 0% used [0x00000000f8680000,0x00000000f8680000,0x0000000100000000)
 ParOldGen       total 349696K, used 324772K [0x00000000a0000000, 0x00000000b5580000, 0x00000000e0000000)
  object space 349696K, 92% used [0x00000000a0000000,0x00000000b3d29258,0x00000000b5580000)
 Metaspace       used 91716K, capacity 96162K, committed 96384K, reserved 1132544K
  class space    used 11907K, capacity 12803K, committed 12928K, reserved 1048576K
}
Event: 854.598 GC heap before
{Heap before GC invocations=36 (full 7):
 PSYoungGen      total 390656K, used 43334K [0x00000000e0000000, 0x0000000100000000, 0x0000000100000000)
  eden space 257024K, 0% used [0x00000000e0000000,0x00000000e0000000,0x00000000efb00000)
  from space 133632K, 32% used [0x00000000efb00000,0x00000000f2551b60,0x00000000f7d80000)
  to   space 124416K, 0% used [0x00000000f8680000,0x00000000f8680000,0x0000000100000000)
 ParOldGen       total 349696K, used 324772K [0x00000000a0000000, 0x00000000b5580000, 0x00000000e0000000)
  object space 349696K, 92% used [0x00000000a0000000,0x00000000b3d29258,0x00000000b5580000)
 Metaspace       used 91716K, capacity 96162K, committed 96384K, reserved 1132544K
  class space    used 11907K, capacity 12803K, committed 12928K, reserved 1048576K

