# JRE version: OpenJDK Runtime Environment (8.0_212) (build 1.8.0_212-release-1586-b4-5784211)
# Java VM: OpenJDK 64-Bit Server VM (25.212-b4-5784211 mixed mode linux-amd64 compressed oops)
Heap:
 PSYoungGen      total 349696K, used 0K [0x00000000e0000000, 0x0000000100000000, 0x0000000100000000)
  eden space 175104K, 0% used [0x00000000e0000000,0x00000000e0000000,0x00000000eab00000)
  from space 174592K, 0% used [0x00000000f5580000,0x00000000f5580000,0x0000000100000000)
  to   space 174592K, 0% used [0x00000000eab00000,0x00000000eab00000,0x00000000f5580000)
 ParOldGen       total 264192K, used 203066K [0x00000000a0000000, 0x00000000b0200000, 0x00000000e0000000)
  object space 264192K, 76% used [0x00000000a0000000,0x00000000ac64eb40,0x00000000b0200000)
 Metaspace       used 91642K, capacity 95780K, committed 96040K, reserved 1132544K
  class space    used 11877K, capacity 12742K, committed 12848K, reserved 1048576K
GC Heap History (10 events):
Event: 293.155 GC heap after
Heap after GC invocations=38 (full 6):
 PSYoungGen      total 366592K, used 103044K [0x00000000e0000000, 0x0000000100000000, 0x0000000100000000)
  eden space 239616K, 0% used [0x00000000e0000000,0x00000000e0000000,0x00000000eea00000)
  from space 126976K, 81% used [0x00000000f8400000,0x00000000fe8a1160,0x0000000100000000)
  to   space 142336K, 0% used [0x00000000eea00000,0x00000000eea00000,0x00000000f7500000)
 ParOldGen       total 264192K, used 93363K [0x00000000a0000000, 0x00000000b0200000, 0x00000000e0000000)
  object space 264192K, 35% used [0x00000000a0000000,0x00000000a5b2cdf0,0x00000000b0200000)
 Metaspace       used 91514K, capacity 95636K, committed 95784K, reserved 1132544K
  class space    used 11877K, capacity 12742K, committed 12848K, reserved 1048576K
}
Event: 293.807 GC heap before
{Heap before GC invocations=39 (full 6):
 PSYoungGen      total 366592K, used 342660K [0x00000000e0000000, 0x0000000100000000, 0x0000000100000000)
  eden space 239616K, 100% used [0x00000000e0000000,0x00000000eea00000,0x00000000eea00000)
  from space 126976K, 81% used [0x00000000f8400000,0x00000000fe8a1160,0x0000000100000000)
  to   space 142336K, 0% used [0x00000000eea00000,0x00000000eea00000,0x00000000f7500000)
 ParOldGen       total 264192K, used 93363K [0x00000000a0000000, 0x00000000b0200000, 0x00000000e0000000)
  object space 264192K, 35% used [0x00000000a0000000,0x00000000a5b2cdf0,0x00000000b0200000)
 Metaspace       used 91519K, capacity 95636K, committed 95784K, reserved 1132544K
  class space    used 11877K, capacity 12742K, committed 12848K, reserved 1048576K
Event: 293.957 GC heap after
Heap after GC invocations=39 (full 6):
 PSYoungGen      total 379392K, used 139764K [0x00000000e0000000, 0x0000000100000000, 0x0000000100000000)
  eden space 239616K, 0% used [0x00000000e0000000,0x00000000e0000000,0x00000000eea00000)
  from space 139776K, 99% used [0x00000000eea00000,0x00000000f727d078,0x00000000f7280000)
  to   space 144896K, 0% used [0x00000000f7280000,0x00000000f7280000,0x0000000100000000)
 ParOldGen       total 264192K, used 96306K [0x00000000a0000000, 0x00000000b0200000, 0x00000000e0000000)
  object space 264192K, 36% used [0x00000000a0000000,0x00000000a5e0ca20,0x00000000b0200000)
 Metaspace       used 91519K, capacity 95636K, committed 95784K, reserved 1132544K
  class space    used 11877K, capacity 12742K, committed 12848K, reserved 1048576K
}
Event: 295.069 GC heap before
{Heap before GC invocations=40 (full 6):
 PSYoungGen      total 379392K, used 379380K [0x00000000e0000000, 0x0000000100000000, 0x0000000100000000)
  eden space 239616K, 100% used [0x00000000e0000000,0x00000000eea00000,0x00000000eea00000)
  from space 139776K, 99% used [0x00000000eea00000,0x00000000f727d078,0x00000000f7280000)
  to   space 144896K, 0% used [0x00000000f7280000,0x00000000f7280000,0x0000000100000000)
 ParOldGen       total 264192K, used 96306K [0x00000000a0000000, 0x00000000b0200000, 0x00000000e0000000)
  object space 264192K, 36% used [0x00000000a0000000,0x00000000a5e0ca20,0x00000000b0200000)
 Metaspace       used 91642K, capacity 95780K, committed 96040K, reserved 1132544K
  class space    used 11877K, capacity 12742K, committed 12848K, reserved 1048576K
Event: 295.238 GC heap after
Heap after GC invocations=40 (full 6):
 PSYoungGen      total 320000K, used 141326K [0x00000000e0000000, 0x0000000100000000, 0x0000000100000000)
  eden space 175104K, 0% used [0x00000000e0000000,0x00000000e0000000,0x00000000eab00000)
  from space 144896K, 97% used [0x00000000f7280000,0x00000000ffc838f8,0x0000000100000000)
  to   space 174592K, 0% used [0x00000000eab00000,0x00000000eab00000,0x00000000f5580000)
 ParOldGen       total 264192K, used 106837K [0x00000000a0000000, 0x00000000b0200000, 0x00000000e0000000)
  object space 264192K, 40% used [0x00000000a0000000,0x00000000a68557c8,0x00000000b0200000)
 Metaspace       used 91642K, capacity 95780K, committed 96040K, reserved 1132544K
  class space    used 11877K, capacity 12742K, committed 12848K, reserved 1048576K
}
Event: 295.530 GC heap before
{Heap before GC invocations=41 (full 6):
 PSYoungGen      total 320000K, used 316430K [0x00000000e0000000, 0x0000000100000000, 0x0000000100000000)
  eden space 175104K, 100% used [0x00000000e0000000,0x00000000eab00000,0x00000000eab00000)
  from space 144896K, 97% used [0x00000000f7280000,0x00000000ffc838f8,0x0000000100000000)
  to   space 174592K, 0% used [0x00000000eab00000,0x00000000eab00000,0x00000000f5580000)
 ParOldGen       total 264192K, used 106837K [0x00000000a0000000, 0x00000000b0200000, 0x00000000e0000000)
  object space 264192K, 40% used [0x00000000a0000000,0x00000000a68557c8,0x00000000b0200000)
 Metaspace       used 91642K, capacity 95780K, committed 96040K, reserved 1132544K
  class space    used 11877K, capacity 12742K, committed 12848K, reserved 1048576K
Event: 295.690 GC heap after
Heap after GC invocations=41 (full 6):
 PSYoungGen      total 349696K, used 61086K [0x00000000e0000000, 0x0000000100000000, 0x0000000100000000)
  eden space 175104K, 0% used [0x00000000e0000000,0x00000000e0000000,0x00000000eab00000)
  from space 174592K, 34% used [0x00000000eab00000,0x00000000ee6a78d8,0x00000000f5580000)
  to   space 174592K, 0% used [0x00000000f5580000,0x00000000f5580000,0x0000000100000000)
 ParOldGen       total 264192K, used 182173K [0x00000000a0000000, 0x00000000b0200000, 0x00000000e0000000)
  object space 264192K, 68% used [0x00000000a0000000,0x00000000ab1e74e0,0x00000000b0200000)
 Metaspace       used 91642K, capacity 95780K, committed 96040K, reserved 1132544K
  class space    used 11877K, capacity 12742K, committed 12848K, reserved 1048576K
}
Event: 295.926 GC heap before
{Heap before GC invocations=42 (full 6):
 PSYoungGen      total 349696K, used 236190K [0x00000000e0000000, 0x0000000100000000, 0x0000000100000000)
  eden space 175104K, 100% used [0x00000000e0000000,0x00000000eab00000,0x00000000eab00000)
  from space 174592K, 34% used [0x00000000eab00000,0x00000000ee6a78d8,0x00000000f5580000)
  to   space 174592K, 0% used [0x00000000f5580000,0x00000000f5580000,0x0000000100000000)
 ParOldGen       total 264192K, used 182173K [0x00000000a0000000, 0x00000000b0200000, 0x00000000e0000000)
  object space 264192K, 68% used [0x00000000a0000000,0x00000000ab1e74e0,0x00000000b0200000)
 Metaspace       used 91642K, capacity 95780K, committed 96040K, reserved 1132544K
  class space    used 11877K, capacity 12742K, committed 12848K, reserved 1048576K
Event: 296.011 GC heap after
Heap after GC invocations=42 (full 6):
 PSYoungGen      total 349696K, used 96K [0x00000000e0000000, 0x0000000100000000, 0x0000000100000000)
  eden space 175104K, 0% used [0x00000000e0000000,0x00000000e0000000,0x00000000eab00000)
  from space 174592K, 0% used [0x00000000f5580000,0x00000000f5598000,0x0000000100000000)
  to   space 174592K, 0% used [0x00000000eab00000,0x00000000eab00000,0x00000000f5580000)
 ParOldGen       total 264192K, used 243423K [0x00000000a0000000, 0x00000000b0200000, 0x00000000e0000000)
  object space 264192K, 92% used [0x00000000a0000000,0x00000000aedb7d38,0x00000000b0200000)
 Metaspace       used 91642K, capacity 95780K, committed 96040K, reserved 1132544K
  class space    used 11877K, capacity 12742K, committed 12848K, reserved 1048576K
}
Event: 296.012 GC heap before
{Heap before GC invocations=43 (full 7):
 PSYoungGen      total 349696K, used 96K [0x00000000e0000000, 0x0000000100000000, 0x0000000100000000)
  eden space 175104K, 0% used [0x00000000e0000000,0x00000000e0000000,0x00000000eab00000)
  from space 174592K, 0% used [0x00000000f5580000,0x00000000f5598000,0x0000000100000000)
  to   space 174592K, 0% used [0x00000000eab00000,0x00000000eab00000,0x00000000f5580000)
 ParOldGen       total 264192K, used 243423K [0x00000000a0000000, 0x00000000b0200000, 0x00000000e0000000)
  object space 264192K, 92% used [0x00000000a0000000,0x00000000aedb7d38,0x00000000b0200000)
 Metaspace       used 91642K, capacity 95780K, committed 96040K, reserved 1132544K
  class space    used 11877K, capacity 12742K, committed 12848K, reserved 1048576K

