# JRE version: OpenJDK Runtime Environment (8.0_212) (build 1.8.0_212-release-1586-b4-5784211)
# Java VM: OpenJDK 64-Bit Server VM (25.212-b4-5784211 mixed mode linux-amd64 compressed oops)
Heap:
 PSYoungGen      total 262144K, used 31516K [0x00000000e0000000, 0x00000000f3000000, 0x0000000100000000)
  eden space 217600K, 0% used [0x00000000e0000000,0x00000000e0000000,0x00000000ed480000)
  from space 44544K, 70% used [0x00000000ed480000,0x00000000ef347380,0x00000000f0000000)
  to   space 35328K, 0% used [0x00000000f0000000,0x00000000f0000000,0x00000000f2280000)
 ParOldGen       total 98816K, used 95914K [0x00000000a0000000, 0x00000000a6080000, 0x00000000e0000000)
  object space 98816K, 97% used [0x00000000a0000000,0x00000000a5daabf0,0x00000000a6080000)
 Metaspace       used 81753K, capacity 85572K, committed 85800K, reserved 1124352K
  class space    used 10939K, capacity 11746K, committed 11816K, reserved 1048576K
GC Heap History (10 events):
Event: 12.606 GC heap after
Heap after GC invocations=17 (full 3):
 PSYoungGen      total 186880K, used 11173K [0x00000000e0000000, 0x00000000ed200000, 0x0000000100000000)
  eden space 174080K, 0% used [0x00000000e0000000,0x00000000e0000000,0x00000000eaa00000)
  from space 12800K, 87% used [0x00000000ec580000,0x00000000ed0694c8,0x00000000ed200000)
  to   space 20480K, 0% used [0x00000000eaa00000,0x00000000eaa00000,0x00000000ebe00000)
 ParOldGen       total 98816K, used 38345K [0x00000000a0000000, 0x00000000a6080000, 0x00000000e0000000)
  object space 98816K, 38% used [0x00000000a0000000,0x00000000a2572458,0x00000000a6080000)
 Metaspace       used 59449K, capacity 61644K, committed 61736K, reserved 1101824K
  class space    used 8164K, capacity 8694K, committed 8744K, reserved 1048576K
}
Event: 15.941 GC heap before
{Heap before GC invocations=18 (full 3):
 PSYoungGen      total 186880K, used 185253K [0x00000000e0000000, 0x00000000ed200000, 0x0000000100000000)
  eden space 174080K, 100% used [0x00000000e0000000,0x00000000eaa00000,0x00000000eaa00000)
  from space 12800K, 87% used [0x00000000ec580000,0x00000000ed0694c8,0x00000000ed200000)
  to   space 20480K, 0% used [0x00000000eaa00000,0x00000000eaa00000,0x00000000ebe00000)
 ParOldGen       total 98816K, used 38345K [0x00000000a0000000, 0x00000000a6080000, 0x00000000e0000000)
  object space 98816K, 38% used [0x00000000a0000000,0x00000000a2572458,0x00000000a6080000)
 Metaspace       used 64518K, capacity 66922K, committed 67240K, reserved 1107968K
  class space    used 8770K, capacity 9313K, committed 9384K, reserved 1048576K
Event: 15.972 GC heap after
Heap after GC invocations=18 (full 3):
 PSYoungGen      total 194560K, used 20460K [0x00000000e0000000, 0x00000000efc80000, 0x0000000100000000)
  eden space 174080K, 0% used [0x00000000e0000000,0x00000000e0000000,0x00000000eaa00000)
  from space 20480K, 99% used [0x00000000eaa00000,0x00000000ebdfb070,0x00000000ebe00000)
  to   space 25600K, 0% used [0x00000000ee380000,0x00000000ee380000,0x00000000efc80000)
 ParOldGen       total 98816K, used 43685K [0x00000000a0000000, 0x00000000a6080000, 0x00000000e0000000)
  object space 98816K, 44% used [0x00000000a0000000,0x00000000a2aa9410,0x00000000a6080000)
 Metaspace       used 64518K, capacity 66922K, committed 67240K, reserved 1107968K
  class space    used 8770K, capacity 9313K, committed 9384K, reserved 1048576K
}
Event: 17.918 GC heap before
{Heap before GC invocations=19 (full 3):
 PSYoungGen      total 194560K, used 194540K [0x00000000e0000000, 0x00000000efc80000, 0x0000000100000000)
  eden space 174080K, 100% used [0x00000000e0000000,0x00000000eaa00000,0x00000000eaa00000)
  from space 20480K, 99% used [0x00000000eaa00000,0x00000000ebdfb070,0x00000000ebe00000)
  to   space 25600K, 0% used [0x00000000ee380000,0x00000000ee380000,0x00000000efc80000)
 ParOldGen       total 98816K, used 43685K [0x00000000a0000000, 0x00000000a6080000, 0x00000000e0000000)
  object space 98816K, 44% used [0x00000000a0000000,0x00000000a2aa9410,0x00000000a6080000)
 Metaspace       used 71676K, capacity 74660K, committed 74792K, reserved 1114112K
  class space    used 9785K, capacity 10468K, committed 10536K, reserved 1048576K
Event: 18.012 GC heap after
Heap after GC invocations=19 (full 3):
 PSYoungGen      total 222720K, used 25576K [0x00000000e0000000, 0x00000000f1800000, 0x0000000100000000)
  eden space 197120K, 0% used [0x00000000e0000000,0x00000000e0000000,0x00000000ec080000)
  from space 25600K, 99% used [0x00000000ee380000,0x00000000efc7a028,0x00000000efc80000)
  to   space 35840K, 0% used [0x00000000ec080000,0x00000000ec080000,0x00000000ee380000)
 ParOldGen       total 98816K, used 60431K [0x00000000a0000000, 0x00000000a6080000, 0x00000000e0000000)
  object space 98816K, 61% used [0x00000000a0000000,0x00000000a3b03ff0,0x00000000a6080000)
 Metaspace       used 71676K, capacity 74660K, committed 74792K, reserved 1114112K
  class space    used 9785K, capacity 10468K, committed 10536K, reserved 1048576K
}
Event: 20.982 GC heap before
{Heap before GC invocations=20 (full 3):
 PSYoungGen      total 222720K, used 222696K [0x00000000e0000000, 0x00000000f1800000, 0x0000000100000000)
  eden space 197120K, 100% used [0x00000000e0000000,0x00000000ec080000,0x00000000ec080000)
  from space 25600K, 99% used [0x00000000ee380000,0x00000000efc7a028,0x00000000efc80000)
  to   space 35840K, 0% used [0x00000000ec080000,0x00000000ec080000,0x00000000ee380000)
 ParOldGen       total 98816K, used 60431K [0x00000000a0000000, 0x00000000a6080000, 0x00000000e0000000)
  object space 98816K, 61% used [0x00000000a0000000,0x00000000a3b03ff0,0x00000000a6080000)
 Metaspace       used 79392K, capacity 83048K, committed 83240K, reserved 1120256K
  class space    used 10771K, capacity 11520K, committed 11560K, reserved 1048576K
Event: 21.043 GC heap after
Heap after GC invocations=20 (full 3):
 PSYoungGen      total 232960K, used 18735K [0x00000000e0000000, 0x00000000f2280000, 0x0000000100000000)
  eden space 197120K, 0% used [0x00000000e0000000,0x00000000e0000000,0x00000000ec080000)
  from space 35840K, 52% used [0x00000000ec080000,0x00000000ed2cbd18,0x00000000ee380000)
  to   space 35328K, 0% used [0x00000000f0000000,0x00000000f0000000,0x00000000f2280000)
 ParOldGen       total 98816K, used 72772K [0x00000000a0000000, 0x00000000a6080000, 0x00000000e0000000)
  object space 98816K, 73% used [0x00000000a0000000,0x00000000a47112c8,0x00000000a6080000)
 Metaspace       used 79392K, capacity 83048K, committed 83240K, reserved 1120256K
  class space    used 10771K, capacity 11520K, committed 11560K, reserved 1048576K
}
Event: 64.152 GC heap before
{Heap before GC invocations=21 (full 3):
 PSYoungGen      total 232960K, used 215855K [0x00000000e0000000, 0x00000000f2280000, 0x0000000100000000)
  eden space 197120K, 100% used [0x00000000e0000000,0x00000000ec080000,0x00000000ec080000)
  from space 35840K, 52% used [0x00000000ec080000,0x00000000ed2cbd18,0x00000000ee380000)
  to   space 35328K, 0% used [0x00000000f0000000,0x00000000f0000000,0x00000000f2280000)
 ParOldGen       total 98816K, used 72772K [0x00000000a0000000, 0x00000000a6080000, 0x00000000e0000000)
  object space 98816K, 73% used [0x00000000a0000000,0x00000000a47112c8,0x00000000a6080000)
 Metaspace       used 81425K, capacity 85144K, committed 85416K, reserved 1122304K
  class space    used 10916K, capacity 11664K, committed 11688K, reserved 1048576K
Event: 64.232 GC heap after
Heap after GC invocations=21 (full 3):
 PSYoungGen      total 252928K, used 35326K [0x00000000e0000000, 0x00000000f3000000, 0x0000000100000000)
  eden space 217600K, 0% used [0x00000000e0000000,0x00000000e0000000,0x00000000ed480000)
  from space 35328K, 99% used [0x00000000f0000000,0x00000000f227fbb0,0x00000000f2280000)
  to   space 44544K, 0% used [0x00000000ed480000,0x00000000ed480000,0x00000000f0000000)
 ParOldGen       total 98816K, used 82310K [0x00000000a0000000, 0x00000000a6080000, 0x00000000e0000000)
  object space 98816K, 83% used [0x00000000a0000000,0x00000000a5061a00,0x00000000a6080000)
 Metaspace       used 81425K, capacity 85144K, committed 85416K, reserved 1122304K
  class space    used 10916K, capacity 11664K, committed 11688K, reserved 1048576K
}
Event: 70.947 GC heap before
{Heap before GC invocations=22 (full 3):
 PSYoungGen      total 252928K, used 252926K [0x00000000e0000000, 0x00000000f3000000, 0x0000000100000000)
  eden space 217600K, 100% used [0x00000000e0000000,0x00000000ed480000,0x00000000ed480000)
  from space 35328K, 99% used [0x00000000f0000000,0x00000000f227fbb0,0x00000000f2280000)
  to   space 44544K, 0% used [0x00000000ed480000,0x00000000ed480000,0x00000000f0000000)
 ParOldGen       total 98816K, used 82310K [0x00000000a0000000, 0x00000000a6080000, 0x00000000e0000000)
  object space 98816K, 83% used [0x00000000a0000000,0x00000000a5061a00,0x00000000a6080000)
 Metaspace       used 81753K, capacity 85572K, committed 85800K, reserved 1124352K
  class space    used 10939K, capacity 11746K, committed 11816K, reserved 1048576K

