# JRE version: OpenJDK Runtime Environment (8.0_212) (build 1.8.0_212-release-1586-b4-5784211)
# Java VM: OpenJDK 64-Bit Server VM (25.212-b4-5784211 mixed mode linux-amd64 compressed oops)
Heap:
 PSYoungGen      total 287232K, used 34651K [0x00000000e0000000, 0x00000000f4400000, 0x0000000100000000)
  eden space 242688K, 0% used [0x00000000e0000000,0x00000000e0000000,0x00000000eed00000)
  from space 44544K, 77% used [0x00000000eed00000,0x00000000f0ed6e78,0x00000000f1880000)
  to   space 43520K, 0% used [0x00000000f1980000,0x00000000f1980000,0x00000000f4400000)
 ParOldGen       total 179712K, used 88569K [0x00000000a0000000, 0x00000000aaf80000, 0x00000000e0000000)
  object space 179712K, 49% used [0x00000000a0000000,0x00000000a567e728,0x00000000aaf80000)
 Metaspace       used 82625K, capacity 86498K, committed 86696K, reserved 1124352K
  class space    used 11042K, capacity 11887K, committed 11944K, reserved 1048576K
GC Heap History (10 events):
Event: 16.073 GC heap after
Heap after GC invocations=18 (full 3):
 PSYoungGen      total 210944K, used 18924K [0x00000000e0000000, 0x00000000f0780000, 0x0000000100000000)
  eden space 192000K, 0% used [0x00000000e0000000,0x00000000e0000000,0x00000000ebb80000)
  from space 18944K, 99% used [0x00000000ebb80000,0x00000000ecdfb050,0x00000000ece00000)
  to   space 25088K, 0% used [0x00000000eef00000,0x00000000eef00000,0x00000000f0780000)
 ParOldGen       total 96256K, used 47338K [0x00000000a0000000, 0x00000000a5e00000, 0x00000000e0000000)
  object space 96256K, 49% used [0x00000000a0000000,0x00000000a2e3a908,0x00000000a5e00000)
 Metaspace       used 64920K, capacity 67214K, committed 67496K, reserved 1107968K
  class space    used 8791K, capacity 9321K, committed 9384K, reserved 1048576K
}
Event: 101.040 GC heap before
{Heap before GC invocations=19 (full 3):
 PSYoungGen      total 210944K, used 210924K [0x00000000e0000000, 0x00000000f0780000, 0x0000000100000000)
  eden space 192000K, 100% used [0x00000000e0000000,0x00000000ebb80000,0x00000000ebb80000)
  from space 18944K, 99% used [0x00000000ebb80000,0x00000000ecdfb050,0x00000000ece00000)
  to   space 25088K, 0% used [0x00000000eef00000,0x00000000eef00000,0x00000000f0780000)
 ParOldGen       total 96256K, used 47338K [0x00000000a0000000, 0x00000000a5e00000, 0x00000000e0000000)
  object space 96256K, 49% used [0x00000000a0000000,0x00000000a2e3a908,0x00000000a5e00000)
 Metaspace       used 71805K, capacity 74554K, committed 74792K, reserved 1114112K
  class space    used 9591K, capacity 10195K, committed 10280K, reserved 1048576K
Event: 101.086 GC heap after
Heap after GC invocations=19 (full 3):
 PSYoungGen      total 238592K, used 25082K [0x00000000e0000000, 0x00000000f1380000, 0x0000000100000000)
  eden space 213504K, 0% used [0x00000000e0000000,0x00000000e0000000,0x00000000ed080000)
  from space 25088K, 99% used [0x00000000eef00000,0x00000000f077e968,0x00000000f0780000)
  to   space 31232K, 0% used [0x00000000ed080000,0x00000000ed080000,0x00000000eef00000)
 ParOldGen       total 96256K, used 53528K [0x00000000a0000000, 0x00000000a5e00000, 0x00000000e0000000)
  object space 96256K, 55% used [0x00000000a0000000,0x00000000a3446108,0x00000000a5e00000)
 Metaspace       used 71805K, capacity 74554K, committed 74792K, reserved 1114112K
  class space    used 9591K, capacity 10195K, committed 10280K, reserved 1048576K
}
Event: 103.318 GC heap before
{Heap before GC invocations=20 (full 3):
 PSYoungGen      total 238592K, used 236199K [0x00000000e0000000, 0x00000000f1380000, 0x0000000100000000)
  eden space 213504K, 98% used [0x00000000e0000000,0x00000000ece2b640,0x00000000ed080000)
  from space 25088K, 99% used [0x00000000eef00000,0x00000000f077e968,0x00000000f0780000)
  to   space 31232K, 0% used [0x00000000ed080000,0x00000000ed080000,0x00000000eef00000)
 ParOldGen       total 96256K, used 53528K [0x00000000a0000000, 0x00000000a5e00000, 0x00000000e0000000)
  object space 96256K, 55% used [0x00000000a0000000,0x00000000a3446108,0x00000000a5e00000)
 Metaspace       used 72953K, capacity 75710K, committed 75816K, reserved 1114112K
  class space    used 9688K, capacity 10269K, committed 10280K, reserved 1048576K
Event: 103.396 GC heap after
Heap after GC invocations=20 (full 3):
 PSYoungGen      total 244736K, used 31224K [0x00000000e0000000, 0x00000000f4800000, 0x0000000100000000)
  eden space 213504K, 0% used [0x00000000e0000000,0x00000000e0000000,0x00000000ed080000)
  from space 31232K, 99% used [0x00000000ed080000,0x00000000eeefe1f8,0x00000000eef00000)
  to   space 47616K, 0% used [0x00000000f1980000,0x00000000f1980000,0x00000000f4800000)
 ParOldGen       total 96256K, used 83198K [0x00000000a0000000, 0x00000000a5e00000, 0x00000000e0000000)
  object space 96256K, 86% used [0x00000000a0000000,0x00000000a513fb58,0x00000000a5e00000)
 Metaspace       used 72953K, capacity 75710K, committed 75816K, reserved 1114112K
  class space    used 9688K, capacity 10269K, committed 10280K, reserved 1048576K
}
Event: 103.397 GC heap before
{Heap before GC invocations=21 (full 4):
 PSYoungGen      total 244736K, used 31224K [0x00000000e0000000, 0x00000000f4800000, 0x0000000100000000)
  eden space 213504K, 0% used [0x00000000e0000000,0x00000000e0000000,0x00000000ed080000)
  from space 31232K, 99% used [0x00000000ed080000,0x00000000eeefe1f8,0x00000000eef00000)
  to   space 47616K, 0% used [0x00000000f1980000,0x00000000f1980000,0x00000000f4800000)
 ParOldGen       total 96256K, used 83198K [0x00000000a0000000, 0x00000000a5e00000, 0x00000000e0000000)
  object space 96256K, 86% used [0x00000000a0000000,0x00000000a513fb58,0x00000000a5e00000)
 Metaspace       used 72953K, capacity 75710K, committed 75816K, reserved 1114112K
  class space    used 9688K, capacity 10269K, committed 10280K, reserved 1048576K
Event: 103.737 GC heap after
Heap after GC invocations=21 (full 4):
 PSYoungGen      total 244736K, used 0K [0x00000000e0000000, 0x00000000f4800000, 0x0000000100000000)
  eden space 213504K, 0% used [0x00000000e0000000,0x00000000e0000000,0x00000000ed080000)
  from space 31232K, 0% used [0x00000000ed080000,0x00000000ed080000,0x00000000eef00000)
  to   space 47616K, 0% used [0x00000000f1980000,0x00000000f1980000,0x00000000f4800000)
 ParOldGen       total 179712K, used 88545K [0x00000000a0000000, 0x00000000aaf80000, 0x00000000e0000000)
  object space 179712K, 49% used [0x00000000a0000000,0x00000000a5678728,0x00000000aaf80000)
 Metaspace       used 72905K, capacity 75568K, committed 75816K, reserved 1114112K
  class space    used 9674K, capacity 10242K, committed 10280K, reserved 1048576K
}
Event: 107.402 GC heap before
{Heap before GC invocations=22 (full 4):
 PSYoungGen      total 244736K, used 213504K [0x00000000e0000000, 0x00000000f4800000, 0x0000000100000000)
  eden space 213504K, 100% used [0x00000000e0000000,0x00000000ed080000,0x00000000ed080000)
  from space 31232K, 0% used [0x00000000ed080000,0x00000000ed080000,0x00000000eef00000)
  to   space 47616K, 0% used [0x00000000f1980000,0x00000000f1980000,0x00000000f4800000)
 ParOldGen       total 179712K, used 88545K [0x00000000a0000000, 0x00000000aaf80000, 0x00000000e0000000)
  object space 179712K, 49% used [0x00000000a0000000,0x00000000a5678728,0x00000000aaf80000)
 Metaspace       used 73649K, capacity 76484K, committed 76712K, reserved 1116160K
  class space    used 9746K, capacity 10358K, committed 10408K, reserved 1048576K
Event: 107.433 GC heap after
Heap after GC invocations=22 (full 4):
 PSYoungGen      total 286208K, used 16798K [0x00000000e0000000, 0x00000000f4400000, 0x0000000100000000)
  eden space 242688K, 0% used [0x00000000e0000000,0x00000000e0000000,0x00000000eed00000)
  from space 43520K, 38% used [0x00000000f1980000,0x00000000f29e7988,0x00000000f4400000)
  to   space 44544K, 0% used [0x00000000eed00000,0x00000000eed00000,0x00000000f1880000)
 ParOldGen       total 179712K, used 88553K [0x00000000a0000000, 0x00000000aaf80000, 0x00000000e0000000)
  object space 179712K, 49% used [0x00000000a0000000,0x00000000a567a728,0x00000000aaf80000)
 Metaspace       used 73649K, capacity 76484K, committed 76712K, reserved 1116160K
  class space    used 9746K, capacity 10358K, committed 10408K, reserved 1048576K
}
Event: 138.846 GC heap before
{Heap before GC invocations=23 (full 4):
 PSYoungGen      total 286208K, used 255711K [0x00000000e0000000, 0x00000000f4400000, 0x0000000100000000)
  eden space 242688K, 98% used [0x00000000e0000000,0x00000000ee9505a8,0x00000000eed00000)
  from space 43520K, 38% used [0x00000000f1980000,0x00000000f29e7988,0x00000000f4400000)
  to   space 44544K, 0% used [0x00000000eed00000,0x00000000eed00000,0x00000000f1880000)
 ParOldGen       total 179712K, used 88553K [0x00000000a0000000, 0x00000000aaf80000, 0x00000000e0000000)
  object space 179712K, 49% used [0x00000000a0000000,0x00000000a567a728,0x00000000aaf80000)
 Metaspace       used 82625K, capacity 86498K, committed 86696K, reserved 1124352K
  class space    used 11042K, capacity 11887K, committed 11944K, reserved 1048576K

